{"C:\\Users\\paulo\\OneDrive - Universidad San Francisco de Quito\\Documentos\\7MO SEMESTRE\\Diseño de Sitemas\\Proyecvto Final\\backend\\app.js": {"path":"C:\\Users\\paulo\\OneDrive - Universidad San Francisco de Quito\\Documentos\\7MO SEMESTRE\\Diseño de Sitemas\\Proyecvto Final\\backend\\app.js","statementMap":{"0":{"start":{"line":1,"column":0},"end":{"line":1,"column":45}},"1":{"start":{"line":3,"column":16},"end":{"line":3,"column":34}},"2":{"start":{"line":4,"column":17},"end":{"line":4,"column":30}},"3":{"start":{"line":6,"column":12},"end":{"line":6,"column":21}},"4":{"start":{"line":7,"column":0},"end":{"line":7,"column":24}},"5":{"start":{"line":9,"column":13},"end":{"line":15,"column":2}},"6":{"start":{"line":17,"column":0},"end":{"line":19,"column":3}},"7":{"start":{"line":18,"column":4},"end":{"line":18,"column":61}},"8":{"start":{"line":21,"column":0},"end":{"line":29,"column":3}},"9":{"start":{"line":22,"column":4},"end":{"line":28,"column":5}},"10":{"start":{"line":23,"column":23},"end":{"line":23,"column":62}},"11":{"start":{"line":24,"column":8},"end":{"line":24,"column":42}},"12":{"start":{"line":26,"column":8},"end":{"line":26,"column":61}},"13":{"start":{"line":27,"column":8},"end":{"line":27,"column":60}},"14":{"start":{"line":31,"column":0},"end":{"line":47,"column":3}},"15":{"start":{"line":32,"column":30},"end":{"line":32,"column":38}},"16":{"start":{"line":33,"column":4},"end":{"line":35,"column":5}},"17":{"start":{"line":34,"column":8},"end":{"line":34,"column":94}},"18":{"start":{"line":37,"column":4},"end":{"line":46,"column":5}},"19":{"start":{"line":38,"column":23},"end":{"line":41,"column":9}},"20":{"start":{"line":42,"column":8},"end":{"line":42,"column":45}},"21":{"start":{"line":44,"column":8},"end":{"line":44,"column":59}},"22":{"start":{"line":45,"column":8},"end":{"line":45,"column":58}},"23":{"start":{"line":49,"column":0},"end":{"line":61,"column":3}},"24":{"start":{"line":50,"column":19},"end":{"line":50,"column":29}},"25":{"start":{"line":51,"column":4},"end":{"line":60,"column":5}},"26":{"start":{"line":52,"column":23},"end":{"line":52,"column":82}},"27":{"start":{"line":53,"column":8},"end":{"line":55,"column":9}},"28":{"start":{"line":54,"column":12},"end":{"line":54,"column":63}},"29":{"start":{"line":56,"column":8},"end":{"line":56,"column":45}},"30":{"start":{"line":58,"column":8},"end":{"line":58,"column":59}},"31":{"start":{"line":59,"column":8},"end":{"line":59,"column":58}},"32":{"start":{"line":63,"column":0},"end":{"line":85,"column":3}},"33":{"start":{"line":64,"column":19},"end":{"line":64,"column":29}},"34":{"start":{"line":65,"column":30},"end":{"line":65,"column":38}},"35":{"start":{"line":66,"column":4},"end":{"line":68,"column":5}},"36":{"start":{"line":67,"column":8},"end":{"line":67,"column":94}},"37":{"start":{"line":70,"column":4},"end":{"line":84,"column":5}},"38":{"start":{"line":71,"column":23},"end":{"line":74,"column":9}},"39":{"start":{"line":76,"column":8},"end":{"line":78,"column":9}},"40":{"start":{"line":77,"column":12},"end":{"line":77,"column":63}},"41":{"start":{"line":80,"column":8},"end":{"line":80,"column":45}},"42":{"start":{"line":82,"column":8},"end":{"line":82,"column":62}},"43":{"start":{"line":83,"column":8},"end":{"line":83,"column":61}},"44":{"start":{"line":87,"column":0},"end":{"line":102,"column":3}},"45":{"start":{"line":88,"column":19},"end":{"line":88,"column":29}},"46":{"start":{"line":90,"column":4},"end":{"line":101,"column":5}},"47":{"start":{"line":91,"column":23},"end":{"line":91,"column":92}},"48":{"start":{"line":93,"column":8},"end":{"line":95,"column":9}},"49":{"start":{"line":94,"column":12},"end":{"line":94,"column":63}},"50":{"start":{"line":97,"column":8},"end":{"line":97,"column":83}},"51":{"start":{"line":99,"column":8},"end":{"line":99,"column":60}},"52":{"start":{"line":100,"column":8},"end":{"line":100,"column":59}},"53":{"start":{"line":103,"column":13},"end":{"line":103,"column":17}},"54":{"start":{"line":104,"column":15},"end":{"line":106,"column":2}},"55":{"start":{"line":105,"column":4},"end":{"line":105,"column":66}},"56":{"start":{"line":108,"column":0},"end":{"line":108,"column":39}}},"fnMap":{"0":{"name":"(anonymous_0)","decl":{"start":{"line":17,"column":13},"end":{"line":17,"column":14}},"loc":{"start":{"line":17,"column":27},"end":{"line":19,"column":1}},"line":17},"1":{"name":"(anonymous_1)","decl":{"start":{"line":21,"column":18},"end":{"line":21,"column":19}},"loc":{"start":{"line":21,"column":38},"end":{"line":29,"column":1}},"line":21},"2":{"name":"(anonymous_2)","decl":{"start":{"line":31,"column":19},"end":{"line":31,"column":20}},"loc":{"start":{"line":31,"column":39},"end":{"line":47,"column":1}},"line":31},"3":{"name":"(anonymous_3)","decl":{"start":{"line":49,"column":22},"end":{"line":49,"column":23}},"loc":{"start":{"line":49,"column":42},"end":{"line":61,"column":1}},"line":49},"4":{"name":"(anonymous_4)","decl":{"start":{"line":63,"column":22},"end":{"line":63,"column":23}},"loc":{"start":{"line":63,"column":42},"end":{"line":85,"column":1}},"line":63},"5":{"name":"(anonymous_5)","decl":{"start":{"line":87,"column":25},"end":{"line":87,"column":26}},"loc":{"start":{"line":87,"column":45},"end":{"line":102,"column":1}},"line":87},"6":{"name":"(anonymous_6)","decl":{"start":{"line":104,"column":32},"end":{"line":104,"column":33}},"loc":{"start":{"line":104,"column":38},"end":{"line":106,"column":1}},"line":104}},"branchMap":{"0":{"loc":{"start":{"line":33,"column":4},"end":{"line":35,"column":5}},"type":"if","locations":[{"start":{"line":33,"column":4},"end":{"line":35,"column":5}},{"start":{},"end":{}}],"line":33},"1":{"loc":{"start":{"line":33,"column":8},"end":{"line":33,"column":25}},"type":"binary-expr","locations":[{"start":{"line":33,"column":8},"end":{"line":33,"column":14}},{"start":{"line":33,"column":18},"end":{"line":33,"column":25}}],"line":33},"2":{"loc":{"start":{"line":53,"column":8},"end":{"line":55,"column":9}},"type":"if","locations":[{"start":{"line":53,"column":8},"end":{"line":55,"column":9}},{"start":{},"end":{}}],"line":53},"3":{"loc":{"start":{"line":66,"column":4},"end":{"line":68,"column":5}},"type":"if","locations":[{"start":{"line":66,"column":4},"end":{"line":68,"column":5}},{"start":{},"end":{}}],"line":66},"4":{"loc":{"start":{"line":66,"column":8},"end":{"line":66,"column":25}},"type":"binary-expr","locations":[{"start":{"line":66,"column":8},"end":{"line":66,"column":14}},{"start":{"line":66,"column":18},"end":{"line":66,"column":25}}],"line":66},"5":{"loc":{"start":{"line":76,"column":8},"end":{"line":78,"column":9}},"type":"if","locations":[{"start":{"line":76,"column":8},"end":{"line":78,"column":9}},{"start":{},"end":{}}],"line":76},"6":{"loc":{"start":{"line":93,"column":8},"end":{"line":95,"column":9}},"type":"if","locations":[{"start":{"line":93,"column":8},"end":{"line":95,"column":9}},{"start":{},"end":{}}],"line":93}},"s":{"0":1,"1":1,"2":1,"3":1,"4":1,"5":1,"6":1,"7":1,"8":1,"9":1,"10":1,"11":1,"12":0,"13":0,"14":1,"15":1,"16":1,"17":0,"18":1,"19":1,"20":1,"21":0,"22":0,"23":1,"24":1,"25":1,"26":1,"27":1,"28":0,"29":1,"30":0,"31":0,"32":1,"33":1,"34":1,"35":1,"36":0,"37":1,"38":1,"39":1,"40":0,"41":1,"42":0,"43":0,"44":1,"45":1,"46":1,"47":1,"48":1,"49":0,"50":1,"51":0,"52":0,"53":1,"54":1,"55":1,"56":1},"f":{"0":1,"1":1,"2":1,"3":1,"4":1,"5":1,"6":1},"b":{"0":[0,1],"1":[1,1],"2":[0,1],"3":[0,1],"4":[1,1],"5":[0,1],"6":[0,1]},"_coverageSchema":"1a1c01bbd47fc00a2c39e90264f33305004495a9","hash":"e0d905ac7fdaa4f87af017b75ac81f79cd19eb9e"}
}
