TN:
SF:app.js
FN:17,(anonymous_0)
FN:21,(anonymous_1)
FN:31,(anonymous_2)
FN:49,(anonymous_3)
FN:63,(anonymous_4)
FN:87,(anonymous_5)
FN:104,(anonymous_6)
FNF:7
FNH:7
FNDA:1,(anonymous_0)
FNDA:1,(anonymous_1)
FNDA:1,(anonymous_2)
FNDA:1,(anonymous_3)
FNDA:1,(anonymous_4)
FNDA:1,(anonymous_5)
FNDA:1,(anonymous_6)
DA:1,1
DA:3,1
DA:4,1
DA:6,1
DA:7,1
DA:9,1
DA:17,1
DA:18,1
DA:21,1
DA:22,1
DA:23,1
DA:24,1
DA:26,0
DA:27,0
DA:31,1
DA:32,1
DA:33,1
DA:34,0
DA:37,1
DA:38,1
DA:42,1
DA:44,0
DA:45,0
DA:49,1
DA:50,1
DA:51,1
DA:52,1
DA:53,1
DA:54,0
DA:56,1
DA:58,0
DA:59,0
DA:63,1
DA:64,1
DA:65,1
DA:66,1
DA:67,0
DA:70,1
DA:71,1
DA:76,1
DA:77,0
DA:80,1
DA:82,0
DA:83,0
DA:87,1
DA:88,1
DA:90,1
DA:91,1
DA:93,1
DA:94,0
DA:97,1
DA:99,0
DA:100,0
DA:103,1
DA:104,1
DA:105,1
DA:108,1
LF:57
LH:42
BRDA:33,0,0,0
BRDA:33,0,1,1
BRDA:33,1,0,1
BRDA:33,1,1,1
BRDA:53,2,0,0
BRDA:53,2,1,1
BRDA:66,3,0,0
BRDA:66,3,1,1
BRDA:66,4,0,1
BRDA:66,4,1,1
BRDA:76,5,0,0
BRDA:76,5,1,1
BRDA:93,6,0,0
BRDA:93,6,1,1
BRF:14
BRH:9
end_of_record
